<?xml version="1.0" encoding="UTF-8"?>
<!-- Generated by org.testng.reporters.JUnitXMLReporter -->
<testsuite ignored="0" hostname="VaibhavBY" failures="0" tests="5" name="Test" time="18.769" errors="0" timestamp="2024-02-19T22:22:22 IST">
  <testcase classname="tests.ClassA" name="OpenA" time="1.322"/>
  <testcase classname="tests.ClassA" name="OpenB" time="3.85"/>
  <testcase classname="tests.ClassA" name="OpenC" time="5.373"/>
  <testcase classname="tests.ClassAB" name="ER" time="7.132"/>
  <testcase classname="tests.ClassAB" name="QW" time="1.035"/>
</testsuite> <!-- Test -->
