<?xml version="1.0" encoding="UTF-8"?>
<testng-results ignored="0" total="5" passed="5" failed="0" skipped="0">
  <reporter-output>
  </reporter-output>
  <suite started-at="2024-02-19T22:22:03 IST" name="Suite" finished-at="2024-02-19T22:22:22 IST" duration-ms="18769">
    <groups>
    </groups>
    <test started-at="2024-02-19T22:22:03 IST" name="Test" finished-at="2024-02-19T22:22:22 IST" duration-ms="18769">
      <class name="tests.ClassA">
        <test-method signature="OpenA()[pri:0, instance:tests.ClassA@66ec9390]" started-at="2024-02-19T22:22:03 IST" name="OpenA" finished-at="2024-02-19T22:22:05 IST" duration-ms="1322" status="PASS">
          <reporter-output>
          </reporter-output>
        </test-method> <!-- OpenA -->
        <test-method signature="OpenB()[pri:0, instance:tests.ClassA@66ec9390]" started-at="2024-02-19T22:22:05 IST" name="OpenB" finished-at="2024-02-19T22:22:09 IST" duration-ms="3850" status="PASS">
          <reporter-output>
          </reporter-output>
        </test-method> <!-- OpenB -->
        <test-method signature="OpenC()[pri:0, instance:tests.ClassA@66ec9390]" started-at="2024-02-19T22:22:09 IST" name="OpenC" finished-at="2024-02-19T22:22:14 IST" duration-ms="5373" status="PASS">
          <reporter-output>
          </reporter-output>
        </test-method> <!-- OpenC -->
      </class> <!-- tests.ClassA -->
      <class name="tests.ClassAB">
        <test-method signature="ER()[pri:0, instance:tests.ClassAB@46866946]" started-at="2024-02-19T22:22:14 IST" name="ER" finished-at="2024-02-19T22:22:21 IST" duration-ms="7132" status="PASS">
          <reporter-output>
          </reporter-output>
        </test-method> <!-- ER -->
        <test-method signature="QW()[pri:0, instance:tests.ClassAB@46866946]" started-at="2024-02-19T22:22:21 IST" name="QW" finished-at="2024-02-19T22:22:22 IST" duration-ms="1035" status="PASS">
          <reporter-output>
          </reporter-output>
        </test-method> <!-- QW -->
      </class> <!-- tests.ClassAB -->
    </test> <!-- Test -->
  </suite> <!-- Suite -->
</testng-results>
